0 info it worked if it ends with ok
1 verbose cli [ '/usr/local/Cellar/node/5.0.0/bin/node',
1 verbose cli   '/usr/local/bin/npm',
1 verbose cli   'start' ]
2 info using npm@3.3.9
3 info using node@v5.0.0
4 verbose run-script [ 'prestart', 'start', 'poststart' ]
5 info lifecycle tutorial_blog@~prestart: tutorial_blog@
6 silly lifecycle tutorial_blog@~prestart: no script for prestart, continuing
7 info lifecycle tutorial_blog@~start: tutorial_blog@
8 verbose lifecycle tutorial_blog@~start: unsafe-perm in lifecycle true
9 verbose lifecycle tutorial_blog@~start: PATH: /usr/local/lib/node_modules/npm/bin/node-gyp-bin:/Users/cent_amadi/Documents/Projects/graphql/tutorials/node_modules/.bin:/Users/cent_amadi/.rvm/gems/ruby-2.3.1/bin:/Users/cent_amadi/.rvm/gems/ruby-2.3.1@global/bin:/Users/cent_amadi/.rvm/rubies/ruby-2.3.1/bin:/usr/local/bin:/usr/bin:/bin:/usr/sbin:/sbin:/opt/X11/bin:/Users/cent_amadi/.rvm/gems/ruby-2.3.1/bin:/Users/cent_amadi/.rvm/gems/ruby-2.3.1@global/bin:/Users/cent_amadi/.rvm/rubies/ruby-2.3.1/bin:/Users/cent_amadi/bin:/Users/cent_amadi/.rvm/gems/ruby-1.2.1/bin:/Users/cent_amadi/.rvm/gems/ruby-2.2.1@global/bin:/Users/cent_amadi/.rvm/rubies/ruby-2.2.1/bin:/usr/local/share/npm/bin:/Users/cent_amadi/.rvm/bin:~/scripts:/Users/cent_amadi/bin:/usr/local/bin:/Users/cent_amadi/bin:/usr/local/bin:/Users/cent_amadi/.rvm/gems/ruby-1.2.1/bin:/Users/cent_amadi/.rvm/gems/ruby-2.2.1@global/bin:/Users/cent_amadi/.rvm/rubies/ruby-2.2.1/bin:/usr/local/share/npm/bin:/Users/cent_amadi/bin:/usr/local/bin:/usr/local/bin:/usr/bin:/bin:/usr/sbin:/sbin:/Users/cent_amadi/.rvm/bin:~/scripts
10 verbose lifecycle tutorial_blog@~start: CWD: /Users/cent_amadi/Documents/Projects/graphql/tutorials
11 silly lifecycle tutorial_blog@~start: Args: [ '-c', 'npm-run-all --parallel open:src lint:watch' ]
12 silly lifecycle tutorial_blog@~start: Returned: code: 1  signal: null
13 info lifecycle tutorial_blog@~start: Failed to exec start script
14 verbose stack Error: tutorial_blog@ start: `npm-run-all --parallel open:src lint:watch`
14 verbose stack Exit status 1
14 verbose stack     at EventEmitter.<anonymous> (/usr/local/lib/node_modules/npm/lib/utils/lifecycle.js:233:16)
14 verbose stack     at emitTwo (events.js:87:13)
14 verbose stack     at EventEmitter.emit (events.js:172:7)
14 verbose stack     at ChildProcess.<anonymous> (/usr/local/lib/node_modules/npm/lib/utils/spawn.js:24:14)
14 verbose stack     at emitTwo (events.js:87:13)
14 verbose stack     at ChildProcess.emit (events.js:172:7)
14 verbose stack     at maybeClose (internal/child_process.js:818:16)
14 verbose stack     at Process.ChildProcess._handle.onexit (internal/child_process.js:211:5)
15 verbose pkgid tutorial_blog@
16 verbose cwd /Users/cent_amadi/Documents/Projects/graphql/tutorials
17 error Darwin 16.0.0
18 error argv "/usr/local/Cellar/node/5.0.0/bin/node" "/usr/local/bin/npm" "start"
19 error node v5.0.0
20 error npm  v3.3.9
21 error code ELIFECYCLE
22 error tutorial_blog@ start: `npm-run-all --parallel open:src lint:watch`
22 error Exit status 1
23 error Failed at the tutorial_blog@ start script 'npm-run-all --parallel open:src lint:watch'.
23 error This is most likely a problem with the tutorial_blog package,
23 error not with npm itself.
23 error Tell the author that this fails on your system:
23 error     npm-run-all --parallel open:src lint:watch
23 error You can get their info via:
23 error     npm owner ls tutorial_blog
23 error There is likely additional logging output above.
24 verbose exit [ 1, true ]
